<testsuite errors='0' failures='0' name='mf.framework.ViewContainerDecoratorTest' tests='2' time='0' ><testcase name="testShouldReceiveMessageOnlyOnce" time="0"/><testcase name="test_shouldReceiveMessageOnlyOnce_subclass" time="0"/></testsuite>