<testsuite errors='0' failures='0' name='mf.framework.MessageBrokerTest' tests='17' time='0' ><testcase name="test_connectTwiceReverseOrder" time="0"/><testcase name="test_subscribeMessageHandler" time="0"/><testcase name="test_disconnect2MessageBrokersRemovesConnector" time="0"/><testcase name="test_connect2MessageBrokersAddsConnector" time="0"/><testcase name="testSubscribe" time="0"/><testcase name="test_connectItself" time="0"/><testcase name="test_subscribeTwice" time="0"/><testcase name="test_connectTwice" time="0"/><testcase name="test_disconnect2MessageBrokers" time="0"/><testcase name="test_unsubscribe" time="0"/><testcase name="test_disconnectNonExistingConnector" time="0"/><testcase name="test_unsubscribeNonexistentSubscriber" time="0"/><testcase name="test_disconnectAllConnectors" time="0"/><testcase name="test_destroyMessageBeforeSending" time="0"/><testcase name="test_disconnectAllConnectorsMultiple" time="0"/><testcase name="test_destroyMessageIn1stReceiver" time="0"/><testcase name="test_connect2MessageBrokers" time="0"/></testsuite>