<testsuite errors='0' failures='0' name='mf.framework.ContainerDecoratorTest' tests='5' time='0' ><testcase name="test_uninitializeMethodIsCalledInDecoratorSubClass" time="0"/><testcase name="test_initializeMethodIsCalledInDecoratorSubClass" time="0"/><testcase name="test_containerDecoration" time="0"/><testcase name="testViewContainer" time="0"/><testcase name="test_eachContainerDecoratorShouldReceiveMessageIfHasMessageHandler" time="0"/></testsuite>