<testsuite errors='0' failures='0' name='mf.framework.messaging.ConnectorTest' tests='1' time='0' ><testcase name="test" time="0"/></testsuite>