<testsuite errors='0' failures='0' name='mf.framework.messaging.MessageFilterTest' tests='1' time='0' ><testcase name="testIncludeAll" time="0"/></testsuite>