<testsuite errors='0' failures='0' name='mf.framework.Container2Test' tests='15' time='0' ><testcase name="test_addContainerAfterInitializeShouldInitializeIt" time="0"/><testcase name="testInitializeShouldSetContainerOnControllers" time="0"/><testcase name="test_uninitializeShouldNullContainerOnControllers" time="0"/><testcase name="test_initializeShouldExecuteOnlyOnce" time="0"/><testcase name="test_uninitializeShouldExecuteOnlyOnce" time="0"/><testcase name="test_addContainer" time="0"/><testcase name="test_addContainerTwice" time="0"/><testcase name="test_addContainerDoesNotSubscribeToParentMessageBroker" time="0"/><testcase name="test_addContainerAfterInitializeShouldReceiveMessages" time="0"/><testcase name="test_addContainerBeforeInitializeShouldNotInitializeIt" time="0"/><testcase name="test_removeContainer" time="0"/><testcase name="test_removeNonExistentContainer" time="0"/><testcase name="test_connectParentWithChildContainer" time="0"/><testcase name="test_disconnectParentWithChildContainer" time="0"/><testcase name="test_sendMessagesChildrenToParentOnly" time="0"/></testsuite>